This file contains any messages produced by compilers while
running configure, to aid debugging if configure makes a mistake.

It was created by 2dbat configure 1.0.0, which was
generated by GNU Autoconf 2.69.  Invocation command line was

  $ ./configure 

## --------- ##
## Platform. ##
## --------- ##

hostname = dwarf
uname -m = x86_64
uname -r = 4.10.0-35-generic
uname -s = Linux
uname -v = #39-Ubuntu SMP Wed Sep 13 07:46:59 UTC 2017

/usr/bin/uname -p = unknown
/bin/uname -X     = unknown

/bin/arch              = unknown
/usr/bin/arch -k       = unknown
/usr/convex/getsysinfo = unknown
/usr/bin/hostinfo      = unknown
/bin/machine           = unknown
/usr/bin/oslevel       = unknown
/bin/universe          = unknown

PATH: /usr/dt/bin
PATH: /home/seheon/bin
PATH: /home/seheon/.local/bin
PATH: /usr/local/sbin
PATH: /usr/local/bin
PATH: /usr/sbin
PATH: /usr/bin
PATH: /sbin
PATH: /bin
PATH: /usr/games
PATH: /usr/local/games
PATH: /snap/bin
PATH: /usr/local/karma
PATH: .


## ----------- ##
## Core tests. ##
## ----------- ##

configure:2309: checking for a BSD-compatible install
configure:2377: result: /usr/bin/install -c
configure:2388: checking whether build environment is sane
configure:2443: result: yes
configure:2594: checking for a thread-safe mkdir -p
configure:2633: result: /bin/mkdir -p
configure:2640: checking for gawk
configure:2670: result: no
configure:2640: checking for mawk
configure:2656: found /usr/bin/mawk
configure:2667: result: mawk
configure:2678: checking whether make sets $(MAKE)
configure:2700: result: yes
configure:2729: checking whether make supports nested variables
configure:2746: result: yes
configure:2932: checking for g++
configure:2948: found /usr/bin/g++
configure:2959: result: g++
configure:2986: checking for C++ compiler version
configure:2995: g++ --version >&5
g++ (Ubuntu 6.3.0-12ubuntu2) 6.3.0 20170406
Copyright (C) 2016 Free Software Foundation, Inc.
This is free software; see the source for copying conditions.  There is NO
warranty; not even for MERCHANTABILITY or FITNESS FOR A PARTICULAR PURPOSE.

configure:3006: $? = 0
configure:2995: g++ -v >&5
Using built-in specs.
COLLECT_GCC=g++
COLLECT_LTO_WRAPPER=/usr/lib/gcc/x86_64-linux-gnu/6/lto-wrapper
Target: x86_64-linux-gnu
Configured with: ../src/configure -v --with-pkgversion='Ubuntu 6.3.0-12ubuntu2' --with-bugurl=file:///usr/share/doc/gcc-6/README.Bugs --enable-languages=c,ada,c++,java,go,d,fortran,objc,obj-c++ --prefix=/usr --program-suffix=-6 --program-prefix=x86_64-linux-gnu- --enable-shared --enable-linker-build-id --libexecdir=/usr/lib --without-included-gettext --enable-threads=posix --libdir=/usr/lib --enable-nls --with-sysroot=/ --enable-clocale=gnu --enable-libstdcxx-debug --enable-libstdcxx-time=yes --with-default-libstdcxx-abi=new --enable-gnu-unique-object --disable-vtable-verify --enable-libmpx --enable-plugin --enable-default-pie --with-system-zlib --disable-browser-plugin --enable-java-awt=gtk --enable-gtk-cairo --with-java-home=/usr/lib/jvm/java-1.5.0-gcj-6-amd64/jre --enable-java-home --with-jvm-root-dir=/usr/lib/jvm/java-1.5.0-gcj-6-amd64 --with-jvm-jar-dir=/usr/lib/jvm-exports/java-1.5.0-gcj-6-amd64 --with-arch-directory=amd64 --with-ecj-jar=/usr/share/java/eclipse-ecj.jar --with-target-system-zlib --enable-objc-gc=auto --enable-multiarch --disable-werror --with-arch-32=i686 --with-abi=m64 --with-multilib-list=m32,m64,mx32 --enable-multilib --with-tune=generic --enable-checking=release --build=x86_64-linux-gnu --host=x86_64-linux-gnu --target=x86_64-linux-gnu
Thread model: posix
gcc version 6.3.0 20170406 (Ubuntu 6.3.0-12ubuntu2) 
configure:3006: $? = 0
configure:2995: g++ -V >&5
g++: error: unrecognized command line option '-V'
g++: fatal error: no input files
compilation terminated.
configure:3006: $? = 1
configure:2995: g++ -qversion >&5
g++: error: unrecognized command line option '-qversion'; did you mean '--version'?
g++: fatal error: no input files
compilation terminated.
configure:3006: $? = 1
configure:3026: checking whether the C++ compiler works
configure:3048: g++    conftest.cpp  >&5
configure:3052: $? = 0
configure:3100: result: yes
configure:3103: checking for C++ compiler default output file name
configure:3105: result: a.out
configure:3111: checking for suffix of executables
configure:3118: g++ -o conftest    conftest.cpp  >&5
configure:3122: $? = 0
configure:3144: result: 
configure:3166: checking whether we are cross compiling
configure:3174: g++ -o conftest    conftest.cpp  >&5
configure:3178: $? = 0
configure:3185: ./conftest
configure:3189: $? = 0
configure:3204: result: no
configure:3209: checking for suffix of object files
configure:3231: g++ -c   conftest.cpp >&5
configure:3235: $? = 0
configure:3256: result: o
configure:3260: checking whether we are using the GNU C++ compiler
configure:3279: g++ -c   conftest.cpp >&5
configure:3279: $? = 0
configure:3288: result: yes
configure:3297: checking whether g++ accepts -g
configure:3317: g++ -c -g  conftest.cpp >&5
configure:3317: $? = 0
configure:3358: result: yes
configure:3392: checking for style of include used by make
configure:3420: result: GNU
configure:3446: checking dependency style of g++
configure:3557: result: gcc3
configure:3576: checking for gawk
configure:3603: result: mawk
configure:3668: checking for mpif90
configure:3684: found /usr/bin/mpif90
configure:3695: result: mpif90
configure:3726: checking for C compiler version
configure:3735: mpif90 --version >&5
GNU Fortran (Ubuntu 6.3.0-12ubuntu2) 6.3.0 20170406
Copyright (C) 2016 Free Software Foundation, Inc.
This is free software; see the source for copying conditions.  There is NO
warranty; not even for MERCHANTABILITY or FITNESS FOR A PARTICULAR PURPOSE.

configure:3746: $? = 0
configure:3735: mpif90 -v >&5
Using built-in specs.
COLLECT_GCC=/usr/bin/gfortran
COLLECT_LTO_WRAPPER=/usr/lib/gcc/x86_64-linux-gnu/6/lto-wrapper
Target: x86_64-linux-gnu
Configured with: ../src/configure -v --with-pkgversion='Ubuntu 6.3.0-12ubuntu2' --with-bugurl=file:///usr/share/doc/gcc-6/README.Bugs --enable-languages=c,ada,c++,java,go,d,fortran,objc,obj-c++ --prefix=/usr --program-suffix=-6 --program-prefix=x86_64-linux-gnu- --enable-shared --enable-linker-build-id --libexecdir=/usr/lib --without-included-gettext --enable-threads=posix --libdir=/usr/lib --enable-nls --with-sysroot=/ --enable-clocale=gnu --enable-libstdcxx-debug --enable-libstdcxx-time=yes --with-default-libstdcxx-abi=new --enable-gnu-unique-object --disable-vtable-verify --enable-libmpx --enable-plugin --enable-default-pie --with-system-zlib --disable-browser-plugin --enable-java-awt=gtk --enable-gtk-cairo --with-java-home=/usr/lib/jvm/java-1.5.0-gcj-6-amd64/jre --enable-java-home --with-jvm-root-dir=/usr/lib/jvm/java-1.5.0-gcj-6-amd64 --with-jvm-jar-dir=/usr/lib/jvm-exports/java-1.5.0-gcj-6-amd64 --with-arch-directory=amd64 --with-ecj-jar=/usr/share/java/eclipse-ecj.jar --with-target-system-zlib --enable-objc-gc=auto --enable-multiarch --disable-werror --with-arch-32=i686 --with-abi=m64 --with-multilib-list=m32,m64,mx32 --enable-multilib --with-tune=generic --enable-checking=release --build=x86_64-linux-gnu --host=x86_64-linux-gnu --target=x86_64-linux-gnu
Thread model: posix
gcc version 6.3.0 20170406 (Ubuntu 6.3.0-12ubuntu2) 
configure:3746: $? = 0
configure:3735: mpif90 -V >&5
gfortran: error: unrecognized command line option '-V'
gfortran: fatal error: no input files
compilation terminated.
configure:3746: $? = 1
configure:3735: mpif90 -qversion >&5
gfortran: error: unrecognized command line option '-qversion'; did you mean '--version'?
gfortran: fatal error: no input files
compilation terminated.
configure:3746: $? = 1
configure:3750: checking whether we are using the GNU C compiler
configure:3769: mpif90 -c   conftest.c >&5
configure:3769: $? = 0
configure:3778: result: yes
configure:3787: checking whether mpif90 accepts -g
configure:3807: mpif90 -c -g  conftest.c >&5
configure:3807: $? = 0
configure:3848: result: yes
configure:3865: checking for mpif90 option to accept ISO C89
configure:3928: mpif90  -c -g -O2  conftest.c >&5
configure:3928: $? = 0
configure:3941: result: none needed
configure:3966: checking whether mpif90 understands -c and -o together
configure:3988: mpif90 -c conftest.c -o conftest2.o
configure:3991: $? = 0
configure:3988: mpif90 -c conftest.c -o conftest2.o
configure:3991: $? = 0
configure:4003: result: yes
configure:4022: checking dependency style of mpif90
configure:4133: result: gcc3
configure:4153: checking how to run the C preprocessor
configure:4184: mpif90 -E  conftest.c
configure:4184: $? = 0
configure:4198: mpif90 -E  conftest.c
conftest.c:11:28: fatal error: ac_nonexistent.h: No such file or directory
 #include <ac_nonexistent.h>
                            ^
compilation terminated.
configure:4198: $? = 1
configure: failed program was:
| /* confdefs.h */
| #define PACKAGE_NAME "2dbat"
| #define PACKAGE_TARNAME "2dbat"
| #define PACKAGE_VERSION "1.0.0"
| #define PACKAGE_STRING "2dbat 1.0.0"
| #define PACKAGE_BUGREPORT "seheonoh@kasi.re.kr"
| #define PACKAGE_URL ""
| #define PACKAGE "2dbat"
| #define VERSION "1.0.0"
| /* end confdefs.h.  */
| #include <ac_nonexistent.h>
configure:4223: result: mpif90 -E
configure:4243: mpif90 -E  conftest.c
configure:4243: $? = 0
configure:4257: mpif90 -E  conftest.c
conftest.c:11:28: fatal error: ac_nonexistent.h: No such file or directory
 #include <ac_nonexistent.h>
                            ^
compilation terminated.
configure:4257: $? = 1
configure: failed program was:
| /* confdefs.h */
| #define PACKAGE_NAME "2dbat"
| #define PACKAGE_TARNAME "2dbat"
| #define PACKAGE_VERSION "1.0.0"
| #define PACKAGE_STRING "2dbat 1.0.0"
| #define PACKAGE_BUGREPORT "seheonoh@kasi.re.kr"
| #define PACKAGE_URL ""
| #define PACKAGE "2dbat"
| #define VERSION "1.0.0"
| /* end confdefs.h.  */
| #include <ac_nonexistent.h>
configure:4286: checking whether ln -s works
configure:4290: result: yes
configure:4297: checking whether make sets $(MAKE)
configure:4319: result: yes
configure:4371: checking for ranlib
configure:4387: found /usr/bin/ranlib
configure:4398: result: ranlib
configure:4424: checking for main in -lcfitsio
configure:4443: mpif90 -o conftest -g -O2   conftest.c -lcfitsio   >&5
configure:4443: $? = 0
configure:4452: result: yes
configure:4464: checking for main in -lgsl
configure:4483: mpif90 -o conftest -g -O2   conftest.c -lgsl  -lcfitsio  >&5
configure:4483: $? = 0
configure:4492: result: yes
configure:4504: checking for main in -llapack
configure:4523: mpif90 -o conftest -g -O2   conftest.c -llapack  -lgsl -lcfitsio  >&5
configure:4523: $? = 0
configure:4532: result: yes
configure:4544: checking for main in -lm
configure:4563: mpif90 -o conftest -g -O2   conftest.c -lm  -llapack -lgsl -lcfitsio  >&5
configure:4563: $? = 0
configure:4572: result: yes
configure:4584: checking for main in -lnest3
configure:4603: mpif90 -o conftest -g -O2   conftest.c -lnest3  -lm -llapack -lgsl -lcfitsio  >&5
configure:4603: $? = 0
configure:4612: result: yes
configure:4626: checking for grep that handles long lines and -e
configure:4684: result: /bin/grep
configure:4689: checking for egrep
configure:4751: result: /bin/grep -E
configure:4756: checking for ANSI C header files
configure:4776: mpif90 -c -g -O2  conftest.c >&5
configure:4776: $? = 0
configure:4849: mpif90 -o conftest -g -O2   conftest.c -lnest3 -lm -llapack -lgsl -lcfitsio  >&5
configure:4849: $? = 0
configure:4849: ./conftest
configure:4849: $? = 0
configure:4860: result: yes
configure:4873: checking for sys/types.h
configure:4873: mpif90 -c -g -O2  conftest.c >&5
configure:4873: $? = 0
configure:4873: result: yes
configure:4873: checking for sys/stat.h
configure:4873: mpif90 -c -g -O2  conftest.c >&5
configure:4873: $? = 0
configure:4873: result: yes
configure:4873: checking for stdlib.h
configure:4873: mpif90 -c -g -O2  conftest.c >&5
configure:4873: $? = 0
configure:4873: result: yes
configure:4873: checking for string.h
configure:4873: mpif90 -c -g -O2  conftest.c >&5
configure:4873: $? = 0
configure:4873: result: yes
configure:4873: checking for memory.h
configure:4873: mpif90 -c -g -O2  conftest.c >&5
configure:4873: $? = 0
configure:4873: result: yes
configure:4873: checking for strings.h
configure:4873: mpif90 -c -g -O2  conftest.c >&5
configure:4873: $? = 0
configure:4873: result: yes
configure:4873: checking for inttypes.h
configure:4873: mpif90 -c -g -O2  conftest.c >&5
configure:4873: $? = 0
configure:4873: result: yes
configure:4873: checking for stdint.h
configure:4873: mpif90 -c -g -O2  conftest.c >&5
configure:4873: $? = 0
configure:4873: result: yes
configure:4873: checking for unistd.h
configure:4873: mpif90 -c -g -O2  conftest.c >&5
configure:4873: $? = 0
configure:4873: result: yes
configure:4888: checking float.h usability
configure:4888: mpif90 -c -g -O2  conftest.c >&5
configure:4888: $? = 0
configure:4888: result: yes
configure:4888: checking float.h presence
configure:4888: mpif90 -E  conftest.c
configure:4888: $? = 0
configure:4888: result: yes
configure:4888: checking for float.h
configure:4888: result: yes
configure:4888: checking for stdlib.h
configure:4888: result: yes
configure:4888: checking for string.h
configure:4888: result: yes
configure:4888: checking for unistd.h
configure:4888: result: yes
configure:4900: checking for size_t
configure:4900: mpif90 -c -g -O2  conftest.c >&5
configure:4900: $? = 0
configure:4900: mpif90 -c -g -O2  conftest.c >&5
conftest.c: In function 'main':
conftest.c:66:21: error: expected expression before ')' token
 if (sizeof ((size_t)))
                     ^
configure:4900: $? = 1
configure: failed program was:
| /* confdefs.h */
| #define PACKAGE_NAME "2dbat"
| #define PACKAGE_TARNAME "2dbat"
| #define PACKAGE_VERSION "1.0.0"
| #define PACKAGE_STRING "2dbat 1.0.0"
| #define PACKAGE_BUGREPORT "seheonoh@kasi.re.kr"
| #define PACKAGE_URL ""
| #define PACKAGE "2dbat"
| #define VERSION "1.0.0"
| #define HAVE_LIBCFITSIO 1
| #define HAVE_LIBGSL 1
| #define HAVE_LIBLAPACK 1
| #define HAVE_LIBM 1
| #define HAVE_LIBNEST3 1
| #define STDC_HEADERS 1
| #define HAVE_SYS_TYPES_H 1
| #define HAVE_SYS_STAT_H 1
| #define HAVE_STDLIB_H 1
| #define HAVE_STRING_H 1
| #define HAVE_MEMORY_H 1
| #define HAVE_STRINGS_H 1
| #define HAVE_INTTYPES_H 1
| #define HAVE_STDINT_H 1
| #define HAVE_UNISTD_H 1
| #define HAVE_FLOAT_H 1
| #define HAVE_STDLIB_H 1
| #define HAVE_STRING_H 1
| #define HAVE_UNISTD_H 1
| /* end confdefs.h.  */
| #include <stdio.h>
| #ifdef HAVE_SYS_TYPES_H
| # include <sys/types.h>
| #endif
| #ifdef HAVE_SYS_STAT_H
| # include <sys/stat.h>
| #endif
| #ifdef STDC_HEADERS
| # include <stdlib.h>
| # include <stddef.h>
| #else
| # ifdef HAVE_STDLIB_H
| #  include <stdlib.h>
| # endif
| #endif
| #ifdef HAVE_STRING_H
| # if !defined STDC_HEADERS && defined HAVE_MEMORY_H
| #  include <memory.h>
| # endif
| # include <string.h>
| #endif
| #ifdef HAVE_STRINGS_H
| # include <strings.h>
| #endif
| #ifdef HAVE_INTTYPES_H
| # include <inttypes.h>
| #endif
| #ifdef HAVE_STDINT_H
| # include <stdint.h>
| #endif
| #ifdef HAVE_UNISTD_H
| # include <unistd.h>
| #endif
| int
| main ()
| {
| if (sizeof ((size_t)))
| 	    return 0;
|   ;
|   return 0;
| }
configure:4900: result: yes
configure:4915: checking for stdlib.h
configure:4915: result: yes
configure:4925: checking for GNU libc compatible malloc
configure:4949: mpif90 -o conftest -g -O2   conftest.c -lnest3 -lm -llapack -lgsl -lcfitsio  >&5
configure:4949: $? = 0
configure:4949: ./conftest
configure:4949: $? = 0
configure:4959: result: yes
configure:4983: checking for mkdir
configure:4983: mpif90 -o conftest -g -O2   conftest.c -lnest3 -lm -llapack -lgsl -lcfitsio  >&5
configure:4983: $? = 0
configure:4983: result: yes
configure:4983: checking for pow
configure:4983: mpif90 -o conftest -g -O2   conftest.c -lnest3 -lm -llapack -lgsl -lcfitsio  >&5
conftest.c:56:6: warning: conflicting types for built-in function 'pow'
 char pow ();
      ^~~
configure:4983: $? = 0
configure:4983: result: yes
configure:4983: checking for sqrt
configure:4983: mpif90 -o conftest -g -O2   conftest.c -lnest3 -lm -llapack -lgsl -lcfitsio  >&5
conftest.c:57:6: warning: conflicting types for built-in function 'sqrt'
 char sqrt ();
      ^~~~
configure:4983: $? = 0
configure:4983: result: yes
configure:5104: checking that generated files are newer than configure
configure:5110: result: done
configure:5137: creating ./config.status

## ---------------------- ##
## Running config.status. ##
## ---------------------- ##

This file was extended by 2dbat config.status 1.0.0, which was
generated by GNU Autoconf 2.69.  Invocation command line was

  CONFIG_FILES    = 
  CONFIG_HEADERS  = 
  CONFIG_LINKS    = 
  CONFIG_COMMANDS = 
  $ ./config.status 

on dwarf

config.status:877: creating Makefile
config.status:877: creating src/bin/Makefile
config.status:877: creating src/lib/Makefile
config.status:877: creating config.h
config.status:1058: config.h is unchanged
config.status:1106: executing depfiles commands

## ---------------- ##
## Cache variables. ##
## ---------------- ##

ac_cv_c_compiler_gnu=yes
ac_cv_cxx_compiler_gnu=yes
ac_cv_env_CCC_set=
ac_cv_env_CCC_value=
ac_cv_env_CC_set=
ac_cv_env_CC_value=
ac_cv_env_CFLAGS_set=
ac_cv_env_CFLAGS_value=
ac_cv_env_CPPFLAGS_set=
ac_cv_env_CPPFLAGS_value=
ac_cv_env_CPP_set=
ac_cv_env_CPP_value=
ac_cv_env_CXXFLAGS_set=
ac_cv_env_CXXFLAGS_value=
ac_cv_env_CXX_set=
ac_cv_env_CXX_value=
ac_cv_env_LDFLAGS_set=
ac_cv_env_LDFLAGS_value=
ac_cv_env_LIBS_set=
ac_cv_env_LIBS_value=
ac_cv_env_build_alias_set=
ac_cv_env_build_alias_value=
ac_cv_env_host_alias_set=
ac_cv_env_host_alias_value=
ac_cv_env_target_alias_set=
ac_cv_env_target_alias_value=
ac_cv_func_malloc_0_nonnull=yes
ac_cv_func_mkdir=yes
ac_cv_func_pow=yes
ac_cv_func_sqrt=yes
ac_cv_header_float_h=yes
ac_cv_header_inttypes_h=yes
ac_cv_header_memory_h=yes
ac_cv_header_stdc=yes
ac_cv_header_stdint_h=yes
ac_cv_header_stdlib_h=yes
ac_cv_header_string_h=yes
ac_cv_header_strings_h=yes
ac_cv_header_sys_stat_h=yes
ac_cv_header_sys_types_h=yes
ac_cv_header_unistd_h=yes
ac_cv_lib_cfitsio_main=yes
ac_cv_lib_gsl_main=yes
ac_cv_lib_lapack_main=yes
ac_cv_lib_m_main=yes
ac_cv_lib_nest3_main=yes
ac_cv_objext=o
ac_cv_path_EGREP='/bin/grep -E'
ac_cv_path_GREP=/bin/grep
ac_cv_path_install='/usr/bin/install -c'
ac_cv_path_mkdir=/bin/mkdir
ac_cv_prog_AWK=mawk
ac_cv_prog_CPP='mpif90 -E'
ac_cv_prog_ac_ct_CC=mpif90
ac_cv_prog_ac_ct_CXX=g++
ac_cv_prog_ac_ct_RANLIB=ranlib
ac_cv_prog_cc_c89=
ac_cv_prog_cc_g=yes
ac_cv_prog_cxx_g=yes
ac_cv_prog_make_make_set=yes
ac_cv_type_size_t=yes
am_cv_CC_dependencies_compiler_type=gcc3
am_cv_CXX_dependencies_compiler_type=gcc3
am_cv_make_support_nested_variables=yes
am_cv_prog_cc_c_o=yes

## ----------------- ##
## Output variables. ##
## ----------------- ##

ACLOCAL='${SHELL} /mnt/g0/research/packages/2dbat/2dbat-master/missing aclocal-1.15'
AMDEPBACKSLASH='\'
AMDEP_FALSE='#'
AMDEP_TRUE=''
AMTAR='$${TAR-tar}'
AM_BACKSLASH='\'
AM_DEFAULT_V='$(AM_DEFAULT_VERBOSITY)'
AM_DEFAULT_VERBOSITY='1'
AM_V='$(V)'
AUTOCONF='${SHELL} /mnt/g0/research/packages/2dbat/2dbat-master/missing autoconf'
AUTOHEADER='${SHELL} /mnt/g0/research/packages/2dbat/2dbat-master/missing autoheader'
AUTOMAKE='${SHELL} /mnt/g0/research/packages/2dbat/2dbat-master/missing automake-1.15'
AWK='mawk'
CC='mpif90'
CCDEPMODE='depmode=gcc3'
CFLAGS='-g -O2'
CPP='mpif90 -E'
CPPFLAGS=''
CXX='g++'
CXXDEPMODE='depmode=gcc3'
CXXFLAGS='-g -O2'
CYGPATH_W='echo'
DEFS='-DHAVE_CONFIG_H'
DEPDIR='.deps'
ECHO_C=''
ECHO_N='-n'
ECHO_T=''
EGREP='/bin/grep -E'
EXEEXT=''
GREP='/bin/grep'
INSTALL_DATA='${INSTALL} -m 644'
INSTALL_PROGRAM='${INSTALL}'
INSTALL_SCRIPT='${INSTALL}'
INSTALL_STRIP_PROGRAM='$(install_sh) -c -s'
LDFLAGS=''
LIBOBJS=''
LIBS='-lnest3 -lm -llapack -lgsl -lcfitsio '
LN_S='ln -s'
LTLIBOBJS=''
MAKEINFO='${SHELL} /mnt/g0/research/packages/2dbat/2dbat-master/missing makeinfo'
MKDIR_P='/bin/mkdir -p'
OBJEXT='o'
PACKAGE='2dbat'
PACKAGE_BUGREPORT='seheonoh@kasi.re.kr'
PACKAGE_NAME='2dbat'
PACKAGE_STRING='2dbat 1.0.0'
PACKAGE_TARNAME='2dbat'
PACKAGE_URL=''
PACKAGE_VERSION='1.0.0'
PATH_SEPARATOR=':'
RANLIB='ranlib'
SET_MAKE=''
SHELL='/bin/bash'
STRIP=''
VERSION='1.0.0'
ac_ct_CC='mpif90'
ac_ct_CXX='g++'
am__EXEEXT_FALSE=''
am__EXEEXT_TRUE='#'
am__fastdepCC_FALSE='#'
am__fastdepCC_TRUE=''
am__fastdepCXX_FALSE='#'
am__fastdepCXX_TRUE=''
am__include='include'
am__isrc=''
am__leading_dot='.'
am__nodep='_no'
am__quote=''
am__tar='$${TAR-tar} chof - "$$tardir"'
am__untar='$${TAR-tar} xf -'
bindir='${exec_prefix}/bin'
build_alias=''
datadir='${datarootdir}'
datarootdir='${prefix}/share'
docdir='${datarootdir}/doc/${PACKAGE_TARNAME}'
dvidir='${docdir}'
exec_prefix='${prefix}'
host_alias=''
htmldir='${docdir}'
includedir='${prefix}/include'
infodir='${datarootdir}/info'
install_sh='${SHELL} /mnt/g0/research/packages/2dbat/2dbat-master/install-sh'
libdir='${exec_prefix}/lib'
libexecdir='${exec_prefix}/libexec'
localedir='${datarootdir}/locale'
localstatedir='${prefix}/var'
mandir='${datarootdir}/man'
mkdir_p='$(MKDIR_P)'
oldincludedir='/usr/include'
pdfdir='${docdir}'
prefix='/usr/local'
program_transform_name='s,x,x,'
psdir='${docdir}'
runstatedir='${localstatedir}/run'
sbindir='${exec_prefix}/sbin'
sharedstatedir='${prefix}/com'
sysconfdir='${prefix}/etc'
target_alias=''

## ----------- ##
## confdefs.h. ##
## ----------- ##

/* confdefs.h */
#define PACKAGE_NAME "2dbat"
#define PACKAGE_TARNAME "2dbat"
#define PACKAGE_VERSION "1.0.0"
#define PACKAGE_STRING "2dbat 1.0.0"
#define PACKAGE_BUGREPORT "seheonoh@kasi.re.kr"
#define PACKAGE_URL ""
#define PACKAGE "2dbat"
#define VERSION "1.0.0"
#define HAVE_LIBCFITSIO 1
#define HAVE_LIBGSL 1
#define HAVE_LIBLAPACK 1
#define HAVE_LIBM 1
#define HAVE_LIBNEST3 1
#define STDC_HEADERS 1
#define HAVE_SYS_TYPES_H 1
#define HAVE_SYS_STAT_H 1
#define HAVE_STDLIB_H 1
#define HAVE_STRING_H 1
#define HAVE_MEMORY_H 1
#define HAVE_STRINGS_H 1
#define HAVE_INTTYPES_H 1
#define HAVE_STDINT_H 1
#define HAVE_UNISTD_H 1
#define HAVE_FLOAT_H 1
#define HAVE_STDLIB_H 1
#define HAVE_STRING_H 1
#define HAVE_UNISTD_H 1
#define HAVE_STDLIB_H 1
#define HAVE_MALLOC 1
#define HAVE_MKDIR 1
#define HAVE_POW 1
#define HAVE_SQRT 1

configure: exit 0

## ---------------------- ##
## Running config.status. ##
## ---------------------- ##

This file was extended by 2dbat config.status 1.0.0, which was
generated by GNU Autoconf 2.69.  Invocation command line was

  CONFIG_FILES    = 
  CONFIG_HEADERS  = 
  CONFIG_LINKS    = 
  CONFIG_COMMANDS = 
  $ ./config.status config.h

on dwarf

config.status:877: creating config.h
config.status:1058: config.h is unchanged

## ---------------------- ##
## Running config.status. ##
## ---------------------- ##

This file was extended by 2dbat config.status 1.0.0, which was
generated by GNU Autoconf 2.69.  Invocation command line was

  CONFIG_FILES    = 
  CONFIG_HEADERS  = 
  CONFIG_LINKS    = 
  CONFIG_COMMANDS = 
  $ ./config.status src/bin/Makefile depfiles

on dwarf

config.status:877: creating src/bin/Makefile
config.status:1106: executing depfiles commands
